<?xml version="1.0" encoding="utf-8"?><testsuites name="pytest tests"><testsuite name="pytest" errors="0" failures="0" skipped="0" tests="6" time="1.766" timestamp="2026-02-07T23:51:49.541704+00:00" hostname="agent-env-3485846e-dd4d-446b-9659-3614216ef9e7"><testcase classname="tests.test_backend.TestEmailAuth" name="test_email_register_success" time="0.340" /><testcase classname="tests.test_backend.TestEmailAuth" name="test_email_register_duplicate_409" time="0.271" /><testcase classname="tests.test_backend.TestEmailAuth" name="test_email_login_success" time="0.543" /><testcase classname="tests.test_backend.TestEmailAuth" name="test_email_login_wrong_password_401" time="0.492" /><testcase classname="tests.test_backend.TestEmailAuth" name="test_email_login_nonexistent_email_401" time="0.035" /><testcase classname="tests.test_backend.TestEmailAuth" name="test_email_register_validation_errors" time="0.034" /></testsuite></testsuites>