<?xml version="1.0" encoding="utf-8"?><testsuites name="pytest tests"><testsuite name="pytest" errors="0" failures="0" skipped="0" tests="22" time="21.709" timestamp="2026-02-07T23:52:01.419369+00:00" hostname="agent-env-3485846e-dd4d-446b-9659-3614216ef9e7"><testcase classname="tests.test_backend.TestHealth" name="test_root_endpoint" time="0.055" /><testcase classname="tests.test_backend.TestAuth" name="test_get_me_with_valid_token" time="0.040" /><testcase classname="tests.test_backend.TestAuth" name="test_get_me_without_token" time="0.033" /><testcase classname="tests.test_backend.TestAuth" name="test_logout" time="2.756" /><testcase classname="tests.test_backend.TestEmailAuth" name="test_email_register_success" time="0.274" /><testcase classname="tests.test_backend.TestEmailAuth" name="test_email_register_duplicate_409" time="0.308" /><testcase classname="tests.test_backend.TestEmailAuth" name="test_email_login_success" time="0.542" /><testcase classname="tests.test_backend.TestEmailAuth" name="test_email_login_wrong_password_401" time="0.487" /><testcase classname="tests.test_backend.TestEmailAuth" name="test_email_login_nonexistent_email_401" time="0.034" /><testcase classname="tests.test_backend.TestEmailAuth" name="test_email_register_validation_errors" time="0.030" /><testcase classname="tests.test_backend.TestNotesCRUD" name="test_create_text_note_and_verify" time="6.637" /><testcase classname="tests.test_backend.TestNotesCRUD" name="test_create_link_note_and_verify" time="6.770" /><testcase classname="tests.test_backend.TestNotesCRUD" name="test_list_notes" time="0.055" /><testcase classname="tests.test_backend.TestNotesCRUD" name="test_delete_note_and_verify" time="1.447" /><testcase classname="tests.test_backend.TestAISearch" name="test_search_with_text_match" time="0.054" /><testcase classname="tests.test_backend.TestAISearch" name="test_search_with_semantic_query" time="1.890" /><testcase classname="tests.test_backend.TestAISearch" name="test_search_empty_query" time="0.038" /><testcase classname="tests.test_backend.TestBackup" name="test_export_backup" time="0.034" /><testcase classname="tests.test_backend.TestBackup" name="test_import_backup" time="0.038" /><testcase classname="tests.test_backend.TestErrorHandling" name="test_get_nonexistent_note" time="0.034" /><testcase classname="tests.test_backend.TestErrorHandling" name="test_delete_nonexistent_note" time="0.038" /><testcase classname="tests.test_backend.TestErrorHandling" name="test_create_note_without_auth" time="0.041" /></testsuite></testsuites>