<?xml version="1.0" encoding="utf-8"?><testsuites name="pytest tests"><testsuite name="pytest" errors="0" failures="0" skipped="0" tests="16" time="16.720" timestamp="2026-02-07T23:33:41.560875+00:00" hostname="agent-env-3485846e-dd4d-446b-9659-3614216ef9e7"><testcase classname="tests.test_backend.TestHealth" name="test_root_endpoint" time="0.061" /><testcase classname="tests.test_backend.TestAuth" name="test_get_me_with_valid_token" time="0.045" /><testcase classname="tests.test_backend.TestAuth" name="test_get_me_without_token" time="0.040" /><testcase classname="tests.test_backend.TestAuth" name="test_logout" time="0.444" /><testcase classname="tests.test_backend.TestNotesCRUD" name="test_create_text_note_and_verify" time="7.201" /><testcase classname="tests.test_backend.TestNotesCRUD" name="test_create_link_note_and_verify" time="6.843" /><testcase classname="tests.test_backend.TestNotesCRUD" name="test_list_notes" time="0.080" /><testcase classname="tests.test_backend.TestNotesCRUD" name="test_delete_note_and_verify" time="1.031" /><testcase classname="tests.test_backend.TestAISearch" name="test_search_with_text_match" time="0.038" /><testcase classname="tests.test_backend.TestAISearch" name="test_search_with_semantic_query" time="0.610" /><testcase classname="tests.test_backend.TestAISearch" name="test_search_empty_query" time="0.048" /><testcase classname="tests.test_backend.TestBackup" name="test_export_backup" time="0.044" /><testcase classname="tests.test_backend.TestBackup" name="test_import_backup" time="0.036" /><testcase classname="tests.test_backend.TestErrorHandling" name="test_get_nonexistent_note" time="0.034" /><testcase classname="tests.test_backend.TestErrorHandling" name="test_delete_nonexistent_note" time="0.035" /><testcase classname="tests.test_backend.TestErrorHandling" name="test_create_note_without_auth" time="0.035" /></testsuite></testsuites>