<?xml version="1.0" encoding="utf-8"?><testsuites name="pytest tests"><testsuite name="pytest" errors="1" failures="0" skipped="0" tests="1" time="0.143" timestamp="2026-02-07T23:51:45.059042+00:00" hostname="agent-env-3485846e-dd4d-446b-9659-3614216ef9e7"><testcase classname="" name="tests.test_backend" time="0.000"><error message="collection failure">tests/test_backend.py:14: in &lt;module&gt;
    raise ValueError("EXPO_PUBLIC_BACKEND_URL environment variable not set")
E   ValueError: EXPO_PUBLIC_BACKEND_URL environment variable not set</error></testcase></testsuite></testsuites>