<?xml version="1.0" encoding="utf-8"?><testsuites name="pytest tests"><testsuite name="pytest" errors="0" failures="11" skipped="0" tests="16" time="0.972" timestamp="2026-02-07T23:33:13.231134+00:00" hostname="agent-env-3485846e-dd4d-446b-9659-3614216ef9e7"><testcase classname="tests.test_backend.TestHealth" name="test_root_endpoint" time="0.103" /><testcase classname="tests.test_backend.TestAuth" name="test_get_me_with_valid_token" time="0.058" /><testcase classname="tests.test_backend.TestAuth" name="test_get_me_without_token" time="0.038" /><testcase classname="tests.test_backend.TestAuth" name="test_logout" time="0.045" /><testcase classname="tests.test_backend.TestNotesCRUD" name="test_create_text_note_and_verify" time="0.043"><failure message="AssertionError: Expected 200, got 401: {&quot;detail&quot;:&quot;Invalid session&quot;}&#10;assert 401 == 200&#10; +  where 401 = &lt;Response [401]&gt;.status_code">tests/test_backend.py:94: in test_create_text_note_and_verify
    assert response.status_code == 200, f"Expected 200, got {response.status_code}: {response.text}"
E   AssertionError: Expected 200, got 401: {"detail":"Invalid session"}
E   assert 401 == 200
E    +  where 401 = &lt;Response [401]&gt;.status_code</failure></testcase><testcase classname="tests.test_backend.TestNotesCRUD" name="test_create_link_note_and_verify" time="0.047"><failure message="AssertionError: Expected 200, got 401: {&quot;detail&quot;:&quot;Invalid session&quot;}&#10;assert 401 == 200&#10; +  where 401 = &lt;Response [401]&gt;.status_code">tests/test_backend.py:137: in test_create_link_note_and_verify
    assert response.status_code == 200, f"Expected 200, got {response.status_code}: {response.text}"
E   AssertionError: Expected 200, got 401: {"detail":"Invalid session"}
E   assert 401 == 200
E    +  where 401 = &lt;Response [401]&gt;.status_code</failure></testcase><testcase classname="tests.test_backend.TestNotesCRUD" name="test_list_notes" time="0.048"><failure message="AssertionError: Expected 200, got 401&#10;assert 401 == 200&#10; +  where 401 = &lt;Response [401]&gt;.status_code">tests/test_backend.py:173: in test_list_notes
    assert response.status_code == 200, f"Expected 200, got {response.status_code}"
E   AssertionError: Expected 200, got 401
E   assert 401 == 200
E    +  where 401 = &lt;Response [401]&gt;.status_code</failure></testcase><testcase classname="tests.test_backend.TestNotesCRUD" name="test_delete_note_and_verify" time="0.053"><failure message="assert 401 == 200&#10; +  where 401 = &lt;Response [401]&gt;.status_code">tests/test_backend.py:188: in test_delete_note_and_verify
    assert create_response.status_code == 200
E   assert 401 == 200
E    +  where 401 = &lt;Response [401]&gt;.status_code</failure></testcase><testcase classname="tests.test_backend.TestAISearch" name="test_search_with_text_match" time="0.038"><failure message="AssertionError: Expected 200, got 401&#10;assert 401 == 200&#10; +  where 401 = &lt;Response [401]&gt;.status_code">tests/test_backend.py:213: in test_search_with_text_match
    assert response.status_code == 200, f"Expected 200, got {response.status_code}"
E   AssertionError: Expected 200, got 401
E   assert 401 == 200
E    +  where 401 = &lt;Response [401]&gt;.status_code</failure></testcase><testcase classname="tests.test_backend.TestAISearch" name="test_search_with_semantic_query" time="0.042"><failure message="AssertionError: Expected 200, got 401&#10;assert 401 == 200&#10; +  where 401 = &lt;Response [401]&gt;.status_code">tests/test_backend.py:224: in test_search_with_semantic_query
    assert response.status_code == 200, f"Expected 200, got {response.status_code}"
E   AssertionError: Expected 200, got 401
E   assert 401 == 200
E    +  where 401 = &lt;Response [401]&gt;.status_code</failure></testcase><testcase classname="tests.test_backend.TestAISearch" name="test_search_empty_query" time="0.037"><failure message="assert 401 == 200&#10; +  where 401 = &lt;Response [401]&gt;.status_code">tests/test_backend.py:234: in test_search_empty_query
    assert response.status_code == 200
E   assert 401 == 200
E    +  where 401 = &lt;Response [401]&gt;.status_code</failure></testcase><testcase classname="tests.test_backend.TestBackup" name="test_export_backup" time="0.038"><failure message="AssertionError: Expected 200, got 401&#10;assert 401 == 200&#10; +  where 401 = &lt;Response [401]&gt;.status_code">tests/test_backend.py:247: in test_export_backup
    assert response.status_code == 200, f"Expected 200, got {response.status_code}"
E   AssertionError: Expected 200, got 401
E   assert 401 == 200
E    +  where 401 = &lt;Response [401]&gt;.status_code</failure></testcase><testcase classname="tests.test_backend.TestBackup" name="test_import_backup" time="0.042"><failure message="AssertionError: Expected 200, got 401: {&quot;detail&quot;:&quot;Invalid session&quot;}&#10;assert 401 == 200&#10; +  where 401 = &lt;Response [401]&gt;.status_code">tests/test_backend.py:281: in test_import_backup
    assert response.status_code == 200, f"Expected 200, got {response.status_code}: {response.text}"
E   AssertionError: Expected 200, got 401: {"detail":"Invalid session"}
E   assert 401 == 200
E    +  where 401 = &lt;Response [401]&gt;.status_code</failure></testcase><testcase classname="tests.test_backend.TestErrorHandling" name="test_get_nonexistent_note" time="0.040"><failure message="AssertionError: Expected 404, got 401&#10;assert 401 == 404&#10; +  where 401 = &lt;Response [401]&gt;.status_code">tests/test_backend.py:295: in test_get_nonexistent_note
    assert response.status_code == 404, f"Expected 404, got {response.status_code}"
E   AssertionError: Expected 404, got 401
E   assert 401 == 404
E    +  where 401 = &lt;Response [401]&gt;.status_code</failure></testcase><testcase classname="tests.test_backend.TestErrorHandling" name="test_delete_nonexistent_note" time="0.039"><failure message="AssertionError: Expected 404, got 401&#10;assert 401 == 404&#10; +  where 401 = &lt;Response [401]&gt;.status_code">tests/test_backend.py:301: in test_delete_nonexistent_note
    assert response.status_code == 404, f"Expected 404, got {response.status_code}"
E   AssertionError: Expected 404, got 401
E   assert 401 == 404
E    +  where 401 = &lt;Response [401]&gt;.status_code</failure></testcase><testcase classname="tests.test_backend.TestErrorHandling" name="test_create_note_without_auth" time="0.035" /></testsuite></testsuites>